2017-08-09 07:40:11,449 ERROR [Thread-13] - System.err - Exception in thread "Thread-13"
2017-08-09 07:40:11,453 ERROR [Thread-12] - System.err - Exception in thread "Thread-12"
2017-08-09 07:40:11,458 ERROR [Thread-13] - System.err - org.eclipse.swt.SWTException: Failed to execute runnable (java.lang.NullPointerException)
2017-08-09 07:40:11,458 ERROR [Thread-13] - System.err - at org.eclipse.swt.SWT.error(SWT.java:4491)
2017-08-09 07:40:11,458 ERROR [Thread-13] - System.err - at org.eclipse.swt.SWT.error(SWT.java:4406)
2017-08-09 07:40:11,459 ERROR [Thread-13] - System.err - at org.eclipse.swt.widgets.Synchronizer.syncExec(Synchronizer.java:208)
2017-08-09 07:40:11,459 ERROR [Thread-13] - System.err - at org.eclipse.ui.internal.UISynchronizer.syncExec(UISynchronizer.java:145)
2017-08-09 07:40:11,459 ERROR [Thread-13] - System.err - at org.eclipse.swt.widgets.Display.syncExec(Display.java:4761)
2017-08-09 07:40:11,459 ERROR [Thread-13] - System.err - at org.eclipse.ui.intro.contentproviders.EclipseRSSViewer$NewsFeed.run(EclipseRSSViewer.java:371)
2017-08-09 07:40:11,459 ERROR [Thread-13] - System.err - at java.lang.Thread.run(Unknown Source)
2017-08-09 07:40:11,459 ERROR [Thread-13] - System.err - Caused by: java.lang.NullPointerException
2017-08-09 07:40:11,459 ERROR [Thread-13] - System.err - at org.eclipse.ui.internal.intro.impl.model.AbstractBaseIntroElement.checkFilterState(AbstractBaseIntroElement.java:61)
2017-08-09 07:40:11,459 ERROR [Thread-13] - System.err - at org.eclipse.ui.internal.intro.impl.model.AbstractBaseIntroElement.isFiltered(AbstractBaseIntroElement.java:94)
2017-08-09 07:40:11,460 ERROR [Thread-13] - System.err - at org.eclipse.ui.internal.intro.impl.html.IntroHTMLGenerator.filteredFromPresentation(IntroHTMLGenerator.java:1045)
2017-08-09 07:40:11,460 ERROR [Thread-13] - System.err - at org.eclipse.ui.internal.intro.impl.html.IntroHTMLGenerator.generateIntroElement(IntroHTMLGenerator.java:255)
2017-08-09 07:40:11,460 ERROR [Thread-13] - System.err - at org.eclipse.ui.internal.intro.impl.html.IntroHTMLGenerator.generateBodyElement(IntroHTMLGenerator.java:231)
2017-08-09 07:40:11,460 ERROR [Thread-13] - System.err - at org.eclipse.ui.internal.intro.impl.html.IntroHTMLGenerator.generateHTMLElement(IntroHTMLGenerator.java:103)
2017-08-09 07:40:11,460 ERROR [Thread-13] - System.err - at org.eclipse.ui.internal.intro.impl.html.IntroHTMLGenerator.generateHTMLforPage(IntroHTMLGenerator.java:70)
2017-08-09 07:40:11,460 ERROR [Thread-13] - System.err - at org.eclipse.ui.internal.intro.impl.presentations.BrowserIntroPartImplementation.generateContentForPage(BrowserIntroPartImplementation.java:321)
2017-08-09 07:40:11,460 ERROR [Thread-13] - System.err - at org.eclipse.ui.internal.intro.impl.presentations.BrowserIntroPartImplementation.updateContent(BrowserIntroPartImplementation.java:613)
2017-08-09 07:40:11,460 ERROR [Thread-13] - System.err - at org.eclipse.ui.internal.intro.impl.presentations.BrowserIntroPartImplementation.reflow(BrowserIntroPartImplementation.java:621)
2017-08-09 07:40:11,460 ERROR [Thread-13] - System.err - at org.eclipse.ui.intro.contentproviders.EclipseRSSViewer$1.run(EclipseRSSViewer.java:381)
2017-08-09 07:40:11,460 ERROR [Thread-13] - System.err - at org.eclipse.swt.widgets.RunnableLock.run(RunnableLock.java:35)
2017-08-09 07:40:11,461 ERROR [Thread-13] - System.err - at org.eclipse.swt.widgets.Synchronizer.runAsyncMessages(Synchronizer.java:135)
2017-08-09 07:40:11,461 ERROR [Thread-13] - System.err - at org.eclipse.swt.widgets.Display.runAsyncMessages(Display.java:4155)
2017-08-09 07:40:11,461 ERROR [Thread-13] - System.err - at org.eclipse.swt.widgets.Display.readAndDispatch(Display.java:3772)
2017-08-09 07:40:11,461 ERROR [Thread-13] - System.err - at org.eclipse.jface.window.Window.runEventLoop(Window.java:827)
2017-08-09 07:40:11,461 ERROR [Thread-13] - System.err - at org.eclipse.jface.window.Window.open(Window.java:803)
2017-08-09 07:40:11,461 ERROR [Thread-13] - System.err - at org.eclipse.jface.dialogs.MessageDialog.open(MessageDialog.java:330)
2017-08-09 07:40:11,461 ERROR [Thread-13] - System.err - at org.scalaide.ui.internal.diagnostic.MessageDialog$.apply(StartupDiagnostics.scala:17)
2017-08-09 07:40:11,462 ERROR [Thread-13] - System.err - at org.scalaide.ui.internal.diagnostic.StartupDiagnostics$$anonfun$run$1.apply$mcV$sp(StartupDiagnostics.scala:51)
2017-08-09 07:40:11,462 ERROR [Thread-13] - System.err - at org.scalaide.util.ui.DisplayThread$$anon$1.run(DisplayThread.scala:16)
2017-08-09 07:40:11,462 ERROR [Thread-13] - System.err - at org.eclipse.swt.widgets.RunnableLock.run(RunnableLock.java:35)
2017-08-09 07:40:11,462 ERROR [Thread-13] - System.err - at org.eclipse.swt.widgets.Synchronizer.runAsyncMessages(Synchronizer.java:135)
2017-08-09 07:40:11,462 ERROR [Thread-13] - System.err - at org.eclipse.swt.widgets.Display.runAsyncMessages(Display.java:4155)
2017-08-09 07:40:11,462 ERROR [Thread-13] - System.err - at org.eclipse.swt.widgets.Display.readAndDispatch(Display.java:3772)
2017-08-09 07:40:11,462 ERROR [Thread-13] - System.err - at org.eclipse.e4.ui.internal.workbench.swt.PartRenderingEngine$4.run(PartRenderingEngine.java:1127)
2017-08-09 07:40:11,462 ERROR [Thread-13] - System.err - at org.eclipse.core.databinding.observable.Realm.runWithDefault(Realm.java:337)
2017-08-09 07:40:11,462 ERROR [Thread-13] - System.err - at org.eclipse.e4.ui.internal.workbench.swt.PartRenderingEngine.run(PartRenderingEngine.java:1018)
2017-08-09 07:40:11,463 ERROR [Thread-13] - System.err - at org.eclipse.e4.ui.internal.workbench.E4Workbench.createAndRunUI(E4Workbench.java:156)
2017-08-09 07:40:11,463 ERROR [Thread-13] - System.err - at org.eclipse.ui.internal.Workbench$5.run(Workbench.java:694)
2017-08-09 07:40:11,463 ERROR [Thread-13] - System.err - at org.eclipse.core.databinding.observable.Realm.runWithDefault(Realm.java:337)
2017-08-09 07:40:11,463 ERROR [Thread-13] - System.err - at org.eclipse.ui.internal.Workbench.createAndRunWorkbench(Workbench.java:606)
2017-08-09 07:40:11,463 ERROR [Thread-13] - System.err - at org.eclipse.ui.PlatformUI.createAndRunWorkbench(PlatformUI.java:150)
2017-08-09 07:40:11,464 ERROR [Thread-13] - System.err - at org.eclipse.ui.internal.ide.application.IDEApplication.start(IDEApplication.java:139)
2017-08-09 07:40:11,464 ERROR [Thread-13] - System.err - at org.eclipse.equinox.internal.app.EclipseAppHandle.run(EclipseAppHandle.java:196)
2017-08-09 07:40:11,464 ERROR [Thread-13] - System.err - at org.eclipse.core.runtime.internal.adaptor.EclipseAppLauncher.runApplication(EclipseAppLauncher.java:134)
2017-08-09 07:40:11,464 ERROR [Thread-13] - System.err - at org.eclipse.core.runtime.internal.adaptor.EclipseAppLauncher.start(EclipseAppLauncher.java:104)
2017-08-09 07:40:11,464 ERROR [Thread-13] - System.err - at org.eclipse.core.runtime.adaptor.EclipseStarter.run(EclipseStarter.java:380)
2017-08-09 07:40:11,464 ERROR [Thread-13] - System.err - at org.eclipse.core.runtime.adaptor.EclipseStarter.run(EclipseStarter.java:235)
2017-08-09 07:40:11,464 ERROR [Thread-13] - System.err - at sun.reflect.NativeMethodAccessorImpl.invoke0(Native Method)
2017-08-09 07:40:11,464 ERROR [Thread-13] - System.err - at sun.reflect.NativeMethodAccessorImpl.invoke(Unknown Source)
2017-08-09 07:40:11,464 ERROR [Thread-13] - System.err - at sun.reflect.DelegatingMethodAccessorImpl.invoke(Unknown Source)
2017-08-09 07:40:11,464 ERROR [Thread-13] - System.err - at java.lang.reflect.Method.invoke(Unknown Source)
2017-08-09 07:40:11,464 ERROR [Thread-13] - System.err - at org.eclipse.equinox.launcher.Main.invokeFramework(Main.java:669)
2017-08-09 07:40:11,464 ERROR [Thread-13] - System.err - at org.eclipse.equinox.launcher.Main.basicRun(Main.java:608)
2017-08-09 07:40:11,464 ERROR [Thread-13] - System.err - at org.eclipse.equinox.launcher.Main.run(Main.java:1515)
2017-08-09 07:40:11,465 ERROR [Thread-12] - System.err - org.eclipse.swt.SWTException: Failed to execute runnable (java.lang.NullPointerException)
2017-08-09 07:40:11,465 ERROR [Thread-12] - System.err - at org.eclipse.swt.SWT.error(SWT.java:4491)
2017-08-09 07:40:11,465 ERROR [Thread-12] - System.err - at org.eclipse.swt.SWT.error(SWT.java:4406)
2017-08-09 07:40:11,466 ERROR [Thread-12] - System.err - at org.eclipse.swt.widgets.Synchronizer.syncExec(Synchronizer.java:208)
2017-08-09 07:40:11,466 ERROR [Thread-12] - System.err - at org.eclipse.ui.internal.UISynchronizer.syncExec(UISynchronizer.java:145)
2017-08-09 07:40:11,466 ERROR [Thread-12] - System.err - at org.eclipse.swt.widgets.Display.syncExec(Display.java:4761)
2017-08-09 07:40:11,466 ERROR [Thread-12] - System.err - at org.eclipse.ui.intro.contentproviders.EclipseRSSViewer$NewsFeed.run(EclipseRSSViewer.java:371)
2017-08-09 07:40:11,466 ERROR [Thread-12] - System.err - at java.lang.Thread.run(Unknown Source)
2017-08-09 07:40:11,466 ERROR [Thread-12] - System.err - Caused by: java.lang.NullPointerException
2017-08-09 07:40:11,467 ERROR [Thread-12] - System.err - at org.eclipse.ui.internal.intro.impl.model.AbstractBaseIntroElement.checkFilterState(AbstractBaseIntroElement.java:61)
2017-08-09 07:40:11,467 ERROR [Thread-12] - System.err - at org.eclipse.ui.internal.intro.impl.model.AbstractBaseIntroElement.isFiltered(AbstractBaseIntroElement.java:94)
2017-08-09 07:40:11,467 ERROR [Thread-12] - System.err - at org.eclipse.ui.internal.intro.impl.html.IntroHTMLGenerator.filteredFromPresentation(IntroHTMLGenerator.java:1045)
2017-08-09 07:40:11,467 ERROR [Thread-12] - System.err - at org.eclipse.ui.internal.intro.impl.html.IntroHTMLGenerator.generateIntroElement(IntroHTMLGenerator.java:255)
2017-08-09 07:40:11,467 ERROR [Thread-12] - System.err - at org.eclipse.ui.internal.intro.impl.html.IntroHTMLGenerator.generateBodyElement(IntroHTMLGenerator.java:231)
2017-08-09 07:40:11,467 ERROR [Thread-12] - System.err - at org.eclipse.ui.internal.intro.impl.html.IntroHTMLGenerator.generateHTMLElement(IntroHTMLGenerator.java:103)
2017-08-09 07:40:11,467 ERROR [Thread-12] - System.err - at org.eclipse.ui.internal.intro.impl.html.IntroHTMLGenerator.generateHTMLforPage(IntroHTMLGenerator.java:70)
2017-08-09 07:40:11,467 ERROR [Thread-12] - System.err - at org.eclipse.ui.internal.intro.impl.presentations.BrowserIntroPartImplementation.generateContentForPage(BrowserIntroPartImplementation.java:321)
2017-08-09 07:40:11,468 ERROR [Thread-12] - System.err - at org.eclipse.ui.internal.intro.impl.presentations.BrowserIntroPartImplementation.updateContent(BrowserIntroPartImplementation.java:613)
2017-08-09 07:40:11,468 ERROR [Thread-12] - System.err - at org.eclipse.ui.internal.intro.impl.presentations.BrowserIntroPartImplementation.reflow(BrowserIntroPartImplementation.java:621)
2017-08-09 07:40:11,468 ERROR [Thread-12] - System.err - at org.eclipse.ui.intro.contentproviders.EclipseRSSViewer$1.run(EclipseRSSViewer.java:381)
2017-08-09 07:40:11,468 ERROR [Thread-12] - System.err - at org.eclipse.swt.widgets.RunnableLock.run(RunnableLock.java:35)
2017-08-09 07:40:11,468 ERROR [Thread-12] - System.err - at org.eclipse.swt.widgets.Synchronizer.runAsyncMessages(Synchronizer.java:135)
2017-08-09 07:40:11,468 ERROR [Thread-12] - System.err - at org.eclipse.swt.widgets.Display.runAsyncMessages(Display.java:4155)
2017-08-09 07:40:11,468 ERROR [Thread-12] - System.err - at org.eclipse.swt.widgets.Display.readAndDispatch(Display.java:3772)
2017-08-09 07:40:11,468 ERROR [Thread-12] - System.err - at org.eclipse.jface.window.Window.runEventLoop(Window.java:827)
2017-08-09 07:40:11,468 ERROR [Thread-12] - System.err - at org.eclipse.jface.window.Window.open(Window.java:803)
2017-08-09 07:40:11,469 ERROR [Thread-12] - System.err - at org.eclipse.jface.dialogs.MessageDialog.open(MessageDialog.java:330)
2017-08-09 07:40:11,469 ERROR [Thread-12] - System.err - at org.scalaide.ui.internal.diagnostic.MessageDialog$.apply(StartupDiagnostics.scala:17)
2017-08-09 07:40:11,469 ERROR [Thread-12] - System.err - at org.scalaide.ui.internal.diagnostic.StartupDiagnostics$$anonfun$run$1.apply$mcV$sp(StartupDiagnostics.scala:51)
2017-08-09 07:40:11,469 ERROR [Thread-12] - System.err - at org.scalaide.util.ui.DisplayThread$$anon$1.run(DisplayThread.scala:16)
2017-08-09 07:40:11,469 ERROR [Thread-12] - System.err - at org.eclipse.swt.widgets.RunnableLock.run(RunnableLock.java:35)
2017-08-09 07:40:11,469 ERROR [Thread-12] - System.err - at org.eclipse.swt.widgets.Synchronizer.runAsyncMessages(Synchronizer.java:135)
2017-08-09 07:40:11,469 ERROR [Thread-12] - System.err - at org.eclipse.swt.widgets.Display.runAsyncMessages(Display.java:4155)
2017-08-09 07:40:11,469 ERROR [Thread-12] - System.err - at org.eclipse.swt.widgets.Display.readAndDispatch(Display.java:3772)
2017-08-09 07:40:11,469 ERROR [Thread-12] - System.err - at org.eclipse.e4.ui.internal.workbench.swt.PartRenderingEngine$4.run(PartRenderingEngine.java:1127)
2017-08-09 07:40:11,471 ERROR [Thread-12] - System.err - at org.eclipse.core.databinding.observable.Realm.runWithDefault(Realm.java:337)
2017-08-09 07:40:11,471 ERROR [Thread-12] - System.err - at org.eclipse.e4.ui.internal.workbench.swt.PartRenderingEngine.run(PartRenderingEngine.java:1018)
2017-08-09 07:40:11,472 ERROR [Thread-12] - System.err - at org.eclipse.e4.ui.internal.workbench.E4Workbench.createAndRunUI(E4Workbench.java:156)
2017-08-09 07:40:11,472 ERROR [Thread-12] - System.err - at org.eclipse.ui.internal.Workbench$5.run(Workbench.java:694)
2017-08-09 07:40:11,472 ERROR [Thread-12] - System.err - at org.eclipse.core.databinding.observable.Realm.runWithDefault(Realm.java:337)
2017-08-09 07:40:11,472 ERROR [Thread-12] - System.err - at org.eclipse.ui.internal.Workbench.createAndRunWorkbench(Workbench.java:606)
2017-08-09 07:40:11,472 ERROR [Thread-12] - System.err - at org.eclipse.ui.PlatformUI.createAndRunWorkbench(PlatformUI.java:150)
2017-08-09 07:40:11,472 ERROR [Thread-12] - System.err - at org.eclipse.ui.internal.ide.application.IDEApplication.start(IDEApplication.java:139)
2017-08-09 07:40:11,472 ERROR [Thread-12] - System.err - at org.eclipse.equinox.internal.app.EclipseAppHandle.run(EclipseAppHandle.java:196)
2017-08-09 07:40:11,472 ERROR [Thread-12] - System.err - at org.eclipse.core.runtime.internal.adaptor.EclipseAppLauncher.runApplication(EclipseAppLauncher.java:134)
2017-08-09 07:40:11,473 ERROR [Thread-12] - System.err - at org.eclipse.core.runtime.internal.adaptor.EclipseAppLauncher.start(EclipseAppLauncher.java:104)
2017-08-09 07:40:11,473 ERROR [Thread-12] - System.err - at org.eclipse.core.runtime.adaptor.EclipseStarter.run(EclipseStarter.java:380)
2017-08-09 07:40:11,473 ERROR [Thread-12] - System.err - at org.eclipse.core.runtime.adaptor.EclipseStarter.run(EclipseStarter.java:235)
2017-08-09 07:40:11,474 ERROR [Thread-12] - System.err - at sun.reflect.NativeMethodAccessorImpl.invoke0(Native Method)
2017-08-09 07:40:11,474 ERROR [Thread-12] - System.err - at sun.reflect.NativeMethodAccessorImpl.invoke(Unknown Source)
2017-08-09 07:40:11,474 ERROR [Thread-12] - System.err - at sun.reflect.DelegatingMethodAccessorImpl.invoke(Unknown Source)
2017-08-09 07:40:11,474 ERROR [Thread-12] - System.err - at java.lang.reflect.Method.invoke(Unknown Source)
2017-08-09 07:40:11,474 ERROR [Thread-12] - System.err - at org.eclipse.equinox.launcher.Main.invokeFramework(Main.java:669)
2017-08-09 07:40:11,474 ERROR [Thread-12] - System.err - at org.eclipse.equinox.launcher.Main.basicRun(Main.java:608)
2017-08-09 07:40:11,474 ERROR [Thread-12] - System.err - at org.eclipse.equinox.launcher.Main.run(Main.java:1515)
2017-08-09 07:43:04,487 ERROR [Worker-24] - System.err - log4j:WARN No appenders could be found for logger (org.eclipse.xtext.ui.internal.Activator).
2017-08-09 07:43:04,487 ERROR [Worker-24] - System.err - log4j:WARN Please initialize the log4j system properly.
2017-08-11 07:07:14,543 ERROR [org.eclipse.jdt.internal.ui.text.JavaReconciler] - System.err - log4j:WARN No appenders could be found for logger (org.eclipse.xtext.ui.internal.Activator).
2017-08-11 07:07:14,604 ERROR [org.eclipse.jdt.internal.ui.text.JavaReconciler] - System.err - log4j:WARN Please initialize the log4j system properly.
2017-08-12 07:55:19,461 ERROR [org.eclipse.jdt.internal.ui.text.JavaReconciler] - System.err - log4j:WARN No appenders could be found for logger (org.eclipse.xtext.ui.internal.Activator).
2017-08-12 07:55:19,507 ERROR [org.eclipse.jdt.internal.ui.text.JavaReconciler] - System.err - log4j:WARN Please initialize the log4j system properly.
